[debug] [2021-05-20T21:28:33.748Z] ----------------------------------------------------------------------
[debug] [2021-05-20T21:28:33.750Z] Command:       C:\Program Files\nodejs\node.exe C:\Users\91940\AppData\Roaming\npm\node_modules\firebase-tools\lib\bin\firebase.js deploy
[debug] [2021-05-20T21:28:33.750Z] CLI Version:   9.6.1
[debug] [2021-05-20T21:28:33.750Z] Platform:      win32
[debug] [2021-05-20T21:28:33.750Z] Node Version:  v14.7.0
[debug] [2021-05-20T21:28:33.758Z] Time:          Fri May 21 2021 02:58:33 GMT+0530 (India Standard Time)
[debug] [2021-05-20T21:28:33.758Z] ----------------------------------------------------------------------
[debug] [2021-05-20T21:28:33.758Z] 
[debug] [2021-05-20T21:28:33.761Z] >>> [apiv2][query] GET https://firebase-public.firebaseio.com/cli.json [none]
[debug] [2021-05-20T21:28:33.783Z] > command requires scopes: ["email","openid","https://www.googleapis.com/auth/cloudplatformprojects.readonly","https://www.googleapis.com/auth/firebase","https://www.googleapis.com/auth/cloud-platform"]
[debug] [2021-05-20T21:28:33.783Z] > authorizing via signed-in user
[debug] [2021-05-20T21:28:33.783Z] [iam] checking project pocketdoc-f1700 for permissions ["firebase.projects.get","firebasehosting.sites.update"]
[debug] [2021-05-20T21:28:33.785Z] > refreshing access token with scopes: ["email","https://www.googleapis.com/auth/cloud-platform","https://www.googleapis.com/auth/cloudplatformprojects.readonly","https://www.googleapis.com/auth/firebase","openid"]
[debug] [2021-05-20T21:28:33.785Z] >>> HTTP REQUEST POST https://www.googleapis.com/oauth2/v3/token  
 <request body omitted>
[debug] [2021-05-20T21:28:34.158Z] <<< HTTP RESPONSE 200 {"expires":"Mon, 01 Jan 1990 00:00:00 GMT","cache-control":"no-cache, no-store, max-age=0, must-revalidate","pragma":"no-cache","date":"Thu, 20 May 2021 21:28:34 GMT","content-type":"application/json; charset=utf-8","vary":"X-Origin, Referer, Origin,Accept-Encoding","server":"scaffolding on HTTPServer2","x-xss-protection":"0","x-frame-options":"SAMEORIGIN","x-content-type-options":"nosniff","alt-svc":"h3-29=\":443\"; ma=2592000,h3-T051=\":443\"; ma=2592000,h3-Q050=\":443\"; ma=2592000,h3-Q046=\":443\"; ma=2592000,h3-Q043=\":443\"; ma=2592000,quic=\":443\"; ma=2592000; v=\"46,43\"","accept-ranges":"none","transfer-encoding":"chunked"}
[debug] [2021-05-20T21:28:34.163Z] >>> HTTP REQUEST POST https://cloudresourcemanager.googleapis.com/v1/projects/pocketdoc-f1700:testIamPermissions  
 {"permissions":["firebase.projects.get","firebasehosting.sites.update"]}
[debug] [2021-05-20T21:28:34.859Z] <<< [apiv2][status] GET https://firebase-public.firebaseio.com/cli.json 200
[debug] [2021-05-20T21:28:34.859Z] <<< [apiv2][body] GET https://firebase-public.firebaseio.com/cli.json {"cloudBuildErrorAfter":1594252800000,"cloudBuildWarnAfter":1590019200000,"defaultNode10After":1594252800000,"minVersion":"3.0.5","node8DeploysDisabledAfter":1613390400000,"node8RuntimeDisabledAfter":1615809600000,"node8WarnAfter":1600128000000}
[debug] [2021-05-20T21:28:35.900Z] <<< HTTP RESPONSE 200 {"content-type":"application/json; charset=UTF-8","vary":"X-Origin, Referer, Origin,Accept-Encoding","date":"Thu, 20 May 2021 21:28:36 GMT","server":"ESF","cache-control":"private","x-xss-protection":"0","x-frame-options":"SAMEORIGIN","x-content-type-options":"nosniff","server-timing":"gfet4t7; dur=1368","alt-svc":"h3-29=\":443\"; ma=2592000,h3-T051=\":443\"; ma=2592000,h3-Q050=\":443\"; ma=2592000,h3-Q046=\":443\"; ma=2592000,h3-Q043=\":443\"; ma=2592000,quic=\":443\"; ma=2592000; v=\"46,43\"","accept-ranges":"none","transfer-encoding":"chunked"}
[debug] [2021-05-20T21:28:35.901Z] [iam] error while checking permissions, command may fail: FirebaseError: Authorization failed. This account is missing the following required permissions on project pocketdoc-f1700:

  firebase.projects.get
  firebasehosting.sites.update
[debug] [2021-05-20T21:28:35.901Z] > refreshing access token with scopes: []
[debug] [2021-05-20T21:28:35.902Z] >>> HTTP REQUEST POST https://www.googleapis.com/oauth2/v3/token  
 <request body omitted>
[debug] [2021-05-20T21:28:36.244Z] <<< HTTP RESPONSE 200 {"pragma":"no-cache","cache-control":"no-cache, no-store, max-age=0, must-revalidate","date":"Thu, 20 May 2021 21:28:36 GMT","expires":"Mon, 01 Jan 1990 00:00:00 GMT","content-type":"application/json; charset=utf-8","vary":"X-Origin, Referer, Origin,Accept-Encoding","server":"scaffolding on HTTPServer2","x-xss-protection":"0","x-frame-options":"SAMEORIGIN","x-content-type-options":"nosniff","alt-svc":"h3-29=\":443\"; ma=2592000,h3-T051=\":443\"; ma=2592000,h3-Q050=\":443\"; ma=2592000,h3-Q046=\":443\"; ma=2592000,h3-Q043=\":443\"; ma=2592000,quic=\":443\"; ma=2592000; v=\"46,43\"","accept-ranges":"none","transfer-encoding":"chunked"}
[debug] [2021-05-20T21:28:36.249Z] >>> [apiv2][query] GET https://firebase.googleapis.com/v1beta1/projects/pocketdoc-f1700 [none]
[debug] [2021-05-20T21:28:36.785Z] <<< [apiv2][status] GET https://firebase.googleapis.com/v1beta1/projects/pocketdoc-f1700 403
[debug] [2021-05-20T21:28:36.786Z] <<< [apiv2][body] GET https://firebase.googleapis.com/v1beta1/projects/pocketdoc-f1700 {"error":{"code":403,"message":"The caller does not have permission","status":"PERMISSION_DENIED"}}
[debug] [2021-05-20T21:28:36.786Z] HTTP Error: 403, The caller does not have permission
[debug] [2021-05-20T21:28:37.140Z] FirebaseError: HTTP Error: 403, The caller does not have permission
    at module.exports (C:\Users\91940\AppData\Roaming\npm\node_modules\firebase-tools\lib\responseToError.js:38:12)
    at Client.doRequest (C:\Users\91940\AppData\Roaming\npm\node_modules\firebase-tools\lib\apiv2.js:238:23)
    at processTicksAndRejections (internal/process/task_queues.js:93:5)
    at async Client.request (C:\Users\91940\AppData\Roaming\npm\node_modules\firebase-tools\lib\apiv2.js:96:20)
    at async Object.getFirebaseProject (C:\Users\91940\AppData\Roaming\npm\node_modules\firebase-tools\lib\management\projects.js:289:21)
    at async Object.getDefaultHostingSite (C:\Users\91940\AppData\Roaming\npm\node_modules\firebase-tools\lib\getDefaultHostingSite.js:8:21)
    at async requireHostingSite (C:\Users\91940\AppData\Roaming\npm\node_modules\firebase-tools\lib\requireHostingSite.js:9:18)
    at async Object.fn (C:\Users\91940\AppData\Roaming\npm\node_modules\firebase-tools\lib\commands\deploy.js:66:9)
    at async C:\Users\91940\AppData\Roaming\npm\node_modules\firebase-tools\lib\command.js:161:17
[error] 
[error] Error: Failed to get Firebase project pocketdoc-f1700. Please make sure the project exists and your account has permission to access it.
[debug] [2021-05-20T21:29:12.517Z] ----------------------------------------------------------------------
[debug] [2021-05-20T21:29:12.518Z] Command:       C:\Program Files\nodejs\node.exe C:\Users\91940\AppData\Roaming\npm\node_modules\firebase-tools\lib\bin\firebase.js deploy --only hosting
[debug] [2021-05-20T21:29:12.519Z] CLI Version:   9.6.1
[debug] [2021-05-20T21:29:12.519Z] Platform:      win32
[debug] [2021-05-20T21:29:12.519Z] Node Version:  v14.7.0
[debug] [2021-05-20T21:29:12.520Z] Time:          Fri May 21 2021 02:59:12 GMT+0530 (India Standard Time)
[debug] [2021-05-20T21:29:12.520Z] ----------------------------------------------------------------------
[debug] [2021-05-20T21:29:12.520Z] 
[debug] [2021-05-20T21:29:12.527Z] > command requires scopes: ["email","openid","https://www.googleapis.com/auth/cloudplatformprojects.readonly","https://www.googleapis.com/auth/firebase","https://www.googleapis.com/auth/cloud-platform"]
[debug] [2021-05-20T21:29:12.527Z] > authorizing via signed-in user
[debug] [2021-05-20T21:29:12.528Z] [iam] checking project pocketdoc-f1700 for permissions ["firebase.projects.get","firebasehosting.sites.update"]
[debug] [2021-05-20T21:29:12.529Z] > refreshing access token with scopes: ["email","https://www.googleapis.com/auth/cloud-platform","https://www.googleapis.com/auth/cloudplatformprojects.readonly","https://www.googleapis.com/auth/firebase","openid"]
[debug] [2021-05-20T21:29:12.530Z] >>> HTTP REQUEST POST https://www.googleapis.com/oauth2/v3/token  
 <request body omitted>
[debug] [2021-05-20T21:29:12.876Z] <<< HTTP RESPONSE 200 {"cache-control":"no-cache, no-store, max-age=0, must-revalidate","expires":"Mon, 01 Jan 1990 00:00:00 GMT","pragma":"no-cache","date":"Thu, 20 May 2021 21:29:13 GMT","content-type":"application/json; charset=utf-8","vary":"X-Origin, Referer, Origin,Accept-Encoding","server":"scaffolding on HTTPServer2","x-xss-protection":"0","x-frame-options":"SAMEORIGIN","x-content-type-options":"nosniff","alt-svc":"h3-29=\":443\"; ma=2592000,h3-T051=\":443\"; ma=2592000,h3-Q050=\":443\"; ma=2592000,h3-Q046=\":443\"; ma=2592000,h3-Q043=\":443\"; ma=2592000,quic=\":443\"; ma=2592000; v=\"46,43\"","accept-ranges":"none","transfer-encoding":"chunked"}
[debug] [2021-05-20T21:29:12.880Z] >>> HTTP REQUEST POST https://cloudresourcemanager.googleapis.com/v1/projects/pocketdoc-f1700:testIamPermissions  
 {"permissions":["firebase.projects.get","firebasehosting.sites.update"]}
[debug] [2021-05-20T21:29:14.420Z] <<< HTTP RESPONSE 200 {"content-type":"application/json; charset=UTF-8","vary":"X-Origin, Referer, Origin,Accept-Encoding","date":"Thu, 20 May 2021 21:29:14 GMT","server":"ESF","cache-control":"private","x-xss-protection":"0","x-frame-options":"SAMEORIGIN","x-content-type-options":"nosniff","server-timing":"gfet4t7; dur=1397","alt-svc":"h3-29=\":443\"; ma=2592000,h3-T051=\":443\"; ma=2592000,h3-Q050=\":443\"; ma=2592000,h3-Q046=\":443\"; ma=2592000,h3-Q043=\":443\"; ma=2592000,quic=\":443\"; ma=2592000; v=\"46,43\"","accept-ranges":"none","transfer-encoding":"chunked"}
[debug] [2021-05-20T21:29:14.421Z] [iam] error while checking permissions, command may fail: FirebaseError: Authorization failed. This account is missing the following required permissions on project pocketdoc-f1700:

  firebase.projects.get
  firebasehosting.sites.update
[debug] [2021-05-20T21:29:14.421Z] > refreshing access token with scopes: []
[debug] [2021-05-20T21:29:14.422Z] >>> HTTP REQUEST POST https://www.googleapis.com/oauth2/v3/token  
 <request body omitted>
[debug] [2021-05-20T21:29:14.780Z] <<< HTTP RESPONSE 200 {"pragma":"no-cache","date":"Thu, 20 May 2021 21:29:15 GMT","expires":"Mon, 01 Jan 1990 00:00:00 GMT","cache-control":"no-cache, no-store, max-age=0, must-revalidate","content-type":"application/json; charset=utf-8","vary":"X-Origin, Referer, Origin,Accept-Encoding","server":"scaffolding on HTTPServer2","x-xss-protection":"0","x-frame-options":"SAMEORIGIN","x-content-type-options":"nosniff","alt-svc":"h3-29=\":443\"; ma=2592000,h3-T051=\":443\"; ma=2592000,h3-Q050=\":443\"; ma=2592000,h3-Q046=\":443\"; ma=2592000,h3-Q043=\":443\"; ma=2592000,quic=\":443\"; ma=2592000; v=\"46,43\"","accept-ranges":"none","transfer-encoding":"chunked"}
[debug] [2021-05-20T21:29:14.785Z] >>> [apiv2][query] GET https://firebase.googleapis.com/v1beta1/projects/pocketdoc-f1700 [none]
[debug] [2021-05-20T21:29:15.393Z] <<< [apiv2][status] GET https://firebase.googleapis.com/v1beta1/projects/pocketdoc-f1700 403
[debug] [2021-05-20T21:29:15.393Z] <<< [apiv2][body] GET https://firebase.googleapis.com/v1beta1/projects/pocketdoc-f1700 {"error":{"code":403,"message":"The caller does not have permission","status":"PERMISSION_DENIED"}}
[debug] [2021-05-20T21:29:15.393Z] HTTP Error: 403, The caller does not have permission
[debug] [2021-05-20T21:29:15.728Z] FirebaseError: HTTP Error: 403, The caller does not have permission
    at module.exports (C:\Users\91940\AppData\Roaming\npm\node_modules\firebase-tools\lib\responseToError.js:38:12)
    at Client.doRequest (C:\Users\91940\AppData\Roaming\npm\node_modules\firebase-tools\lib\apiv2.js:238:23)
    at processTicksAndRejections (internal/process/task_queues.js:93:5)
    at async Client.request (C:\Users\91940\AppData\Roaming\npm\node_modules\firebase-tools\lib\apiv2.js:96:20)
    at async Object.getFirebaseProject (C:\Users\91940\AppData\Roaming\npm\node_modules\firebase-tools\lib\management\projects.js:289:21)
    at async Object.getDefaultHostingSite (C:\Users\91940\AppData\Roaming\npm\node_modules\firebase-tools\lib\getDefaultHostingSite.js:8:21)
    at async requireHostingSite (C:\Users\91940\AppData\Roaming\npm\node_modules\firebase-tools\lib\requireHostingSite.js:9:18)
    at async Object.fn (C:\Users\91940\AppData\Roaming\npm\node_modules\firebase-tools\lib\commands\deploy.js:66:9)
    at async C:\Users\91940\AppData\Roaming\npm\node_modules\firebase-tools\lib\command.js:161:17
[error] 
[error] Error: Failed to get Firebase project pocketdoc-f1700. Please make sure the project exists and your account has permission to access it.
